<?xml version="1.0" encoding="UTF-8"?>
<!-- Generated by org.testng.reporters.JUnitReportReporter -->
<testsuite hostname="R5P-SWB-PRT.local" name="trycache.Cache" tests="1" failures="0" timestamp="27 Aug 2015 09:27:46 GMT" time="26.404" errors="0">
  <testcase name="testMethod" time="26.404" classname="trycache.Cache"/>
</testsuite> <!-- trycache.Cache -->
